<?xml version="1.0" encoding="UTF-8"?>
<!-- Generated by org.testng.reporters.JUnitReportReporter -->
<testsuite hostname="Sourabhs-Air.domain.name" failures="0" tests="2" name="AnnotationTest" time="0.018" errors="0" timestamp="2021-02-14T18:39:05 IST" skipped="0">
  <testcase classname="AnnotationTest" name="GoogleSearchTest" time="0.006"/>
  <system-out/>
  <testcase classname="AnnotationTest" name="GoogleLogoTest" time="0.012"/>
  <system-out/>
</testsuite> <!-- AnnotationTest -->
