<?xml version="1.0" encoding="UTF-8"?>
<!-- Generated by org.testng.reporters.JUnitReportReporter -->
<testsuite hostname="Sourabhs-MacBook-Air.local" failures="0" tests="1" name="Testng" time="0.015" errors="0" timestamp="2020-12-14T11:37:12 IST" skipped="0">
  <testcase classname="Testng" name="testMethod" time="0.015"/>
  <system-out/>
</testsuite> <!-- Testng -->
